#
# There is insufficient memory for the Java Runtime Environment to continue.
# Native memory allocation (mmap) failed to map 198180864 bytes for committing reserved memory.
# Possible reasons:
#   The system is out of physical RAM or swap space
#   In 32 bit mode, the process size limit was hit
# Possible solutions:
#   Reduce memory load on the system
#   Increase physical memory or swap space
#   Check if swap backing store is full
#   Use 64 bit Java on a 64 bit OS
#   Decrease Java heap size (-Xmx/-Xms)
#   Decrease number of Java threads
#   Decrease Java thread stack sizes (-Xss)
#   Set larger code cache with -XX:ReservedCodeCacheSize=
# This output file may be truncated or incomplete.
#
#  Out of Memory Error (os_linux.cpp:2671), pid=20483, tid=140610394449664
#
# JRE version: Java(TM) SE Runtime Environment (8.0_25-b17) (build 1.8.0_25-b17)
# Java VM: Java HotSpot(TM) 64-Bit Server VM (25.25-b02 mixed mode linux-amd64 compressed oops)
# Failed to write core dump. Core dumps have been disabled. To enable core dumping, try "ulimit -c unlimited" before starting Java again
#

---------------  T H R E A D  ---------------

Current thread (0x00007fe260009000):  JavaThread "main" [_thread_in_vm, id=20485, stack(0x00007fe2688ce000,0x00007fe2689cf000)]

Stack: [0x00007fe2688ce000,0x00007fe2689cf000],  sp=0x00007fe2689cc120,  free space=1016k
Native frames: (J=compiled Java code, j=interpreted, Vv=VM code, C=native code)
V  [libjvm.so+0xa7923a]  VMError::report_and_die()+0x2ca
V  [libjvm.so+0x4e552b]  report_vm_out_of_memory(char const*, int, unsigned long, VMErrorType, char const*)+0x8b
V  [libjvm.so+0x8e5613]  os::Linux::commit_memory_impl(char*, unsigned long, bool)+0x103
V  [libjvm.so+0x8e5b69]  os::pd_commit_memory(char*, unsigned long, unsigned long, bool)+0x29
V  [libjvm.so+0x8df83a]  os::commit_memory(char*, unsigned long, unsigned long, bool)+0x2a
V  [libjvm.so+0x94f923]  PSVirtualSpace::expand_by(unsigned long)+0x53
V  [libjvm.so+0x940409]  PSOldGen::expand_by(unsigned long)+0x49
V  [libjvm.so+0x940675]  PSOldGen::expand(unsigned long)+0x1a5
V  [libjvm.so+0x9408fa]  PSOldGen::expand_and_allocate(unsigned long)+0x1a
V  [libjvm.so+0x940a1b]  PSOldGen::allocate(unsigned long)+0xcb
V  [libjvm.so+0x9074be]  ParallelScavengeHeap::mem_allocate(unsigned long, bool*)+0xfe
V  [libjvm.so+0xa4209e]  TypeArrayKlass::allocate_common(int, bool, Thread*)+0x26e
V  [libjvm.so+0x3d15ba]  Runtime1::new_type_array(JavaThread*, Klass*, int)+0x2a
v  ~RuntimeStub::new_type_array Runtime1 stub
J 467 C1 mx.unam.ciencias.cv.utils.Bilder.<init>(Ljava/awt/image/BufferedImage;)V (115 bytes) @ 0x00007fe251228c3c [0x00007fe2512282c0+0x97c]
j  mx.unam.ciencias.cv.test.BilderTest.<init>()V+39
v  ~StubRoutines::call_stub
V  [libjvm.so+0x664086]  JavaCalls::call_helper(JavaValue*, methodHandle*, JavaCallArguments*, Thread*)+0x1056
V  [libjvm.so+0x958ab7]  Reflection::invoke(instanceKlassHandle, methodHandle, Handle, bool, objArrayHandle, BasicType, objArrayHandle, bool, Thread*)+0x5d7
V  [libjvm.so+0x9596f3]  Reflection::invoke_constructor(oopDesc*, objArrayHandle, Thread*)+0x313
V  [libjvm.so+0x6e9f9a]  JVM_NewInstanceFromConstructor+0x10a
j  sun.reflect.NativeConstructorAccessorImpl.newInstance0(Ljava/lang/reflect/Constructor;[Ljava/lang/Object;)Ljava/lang/Object;+0
j  sun.reflect.NativeConstructorAccessorImpl.newInstance([Ljava/lang/Object;)Ljava/lang/Object;+85
j  sun.reflect.DelegatingConstructorAccessorImpl.newInstance([Ljava/lang/Object;)Ljava/lang/Object;+5
j  java.lang.reflect.Constructor.newInstance([Ljava/lang/Object;)Ljava/lang/Object;+79
j  org.junit.runners.BlockJUnit4ClassRunner.createTest()Ljava/lang/Object;+11
j  org.junit.runners.BlockJUnit4ClassRunner$1.runReflectiveCall()Ljava/lang/Object;+4
j  org.junit.internal.runners.model.ReflectiveCallable.run()Ljava/lang/Object;+1
j  org.junit.runners.BlockJUnit4ClassRunner.methodBlock(Lorg/junit/runners/model/FrameworkMethod;)Lorg/junit/runners/model/Statement;+8
j  org.junit.runners.BlockJUnit4ClassRunner.runNotIgnored(Lorg/junit/runners/model/FrameworkMethod;Lorg/junit/internal/runners/model/EachTestNotifier;)V+6
j  org.junit.runners.BlockJUnit4ClassRunner.runChild(Lorg/junit/runners/model/FrameworkMethod;Lorg/junit/runner/notification/RunNotifier;)V+28
j  org.junit.runners.BlockJUnit4ClassRunner.runChild(Ljava/lang/Object;Lorg/junit/runner/notification/RunNotifier;)V+6
j  org.junit.runners.ParentRunner$3.run()V+12
j  org.junit.runners.ParentRunner$1.schedule(Ljava/lang/Runnable;)V+1
j  org.junit.runners.ParentRunner.runChildren(Lorg/junit/runner/notification/RunNotifier;)V+40
j  org.junit.runners.ParentRunner.access$000(Lorg/junit/runners/ParentRunner;Lorg/junit/runner/notification/RunNotifier;)V+2
j  org.junit.runners.ParentRunner$2.evaluate()V+8
j  org.junit.runners.ParentRunner.run(Lorg/junit/runner/notification/RunNotifier;)V+20
j  junit.framework.JUnit4TestAdapter.run(Ljunit/framework/TestResult;)V+13
j  org.apache.tools.ant.taskdefs.optional.junit.JUnitTestRunner.run()V+698
j  org.apache.tools.ant.taskdefs.optional.junit.JUnitTestRunner.launch(Lorg/apache/tools/ant/taskdefs/optional/junit/JUnitTest;[Ljava/lang/String;ZZZZZZ)I+41
j  org.apache.tools.ant.taskdefs.optional.junit.JUnitTestRunner.main([Ljava/lang/String;)V+1016
v  ~StubRoutines::call_stub
V  [libjvm.so+0x664086]  JavaCalls::call_helper(JavaValue*, methodHandle*, JavaCallArguments*, Thread*)+0x1056
V  [libjvm.so+0x6ab096]  jni_invoke_static(JNIEnv_*, JavaValue*, _jobject*, JNICallType, _jmethodID*, JNI_ArgumentPusher*, Thread*)+0x346
V  [libjvm.so+0x6b1c2a]  jni_CallStaticVoidMethod+0x17a
C  [libjli.so+0x7b14]  JavaMain+0x844
C  [libpthread.so.0+0x752a]  start_thread+0xca

Java frames: (J=compiled Java code, j=interpreted, Vv=VM code)
v  ~RuntimeStub::new_type_array Runtime1 stub
J 467 C1 mx.unam.ciencias.cv.utils.Bilder.<init>(Ljava/awt/image/BufferedImage;)V (115 bytes) @ 0x00007fe251228c3c [0x00007fe2512282c0+0x97c]
j  mx.unam.ciencias.cv.test.BilderTest.<init>()V+39
v  ~StubRoutines::call_stub
j  sun.reflect.NativeConstructorAccessorImpl.newInstance0(Ljava/lang/reflect/Constructor;[Ljava/lang/Object;)Ljava/lang/Object;+0
j  sun.reflect.NativeConstructorAccessorImpl.newInstance([Ljava/lang/Object;)Ljava/lang/Object;+85
j  sun.reflect.DelegatingConstructorAccessorImpl.newInstance([Ljava/lang/Object;)Ljava/lang/Object;+5
j  java.lang.reflect.Constructor.newInstance([Ljava/lang/Object;)Ljava/lang/Object;+79
j  org.junit.runners.BlockJUnit4ClassRunner.createTest()Ljava/lang/Object;+11
j  org.junit.runners.BlockJUnit4ClassRunner$1.runReflectiveCall()Ljava/lang/Object;+4
j  org.junit.internal.runners.model.ReflectiveCallable.run()Ljava/lang/Object;+1
j  org.junit.runners.BlockJUnit4ClassRunner.methodBlock(Lorg/junit/runners/model/FrameworkMethod;)Lorg/junit/runners/model/Statement;+8
j  org.junit.runners.BlockJUnit4ClassRunner.runNotIgnored(Lorg/junit/runners/model/FrameworkMethod;Lorg/junit/internal/runners/model/EachTestNotifier;)V+6
j  org.junit.runners.BlockJUnit4ClassRunner.runChild(Lorg/junit/runners/model/FrameworkMethod;Lorg/junit/runner/notification/RunNotifier;)V+28
j  org.junit.runners.BlockJUnit4ClassRunner.runChild(Ljava/lang/Object;Lorg/junit/runner/notification/RunNotifier;)V+6
j  org.junit.runners.ParentRunner$3.run()V+12
j  org.junit.runners.ParentRunner$1.schedule(Ljava/lang/Runnable;)V+1
j  org.junit.runners.ParentRunner.runChildren(Lorg/junit/runner/notification/RunNotifier;)V+40
j  org.junit.runners.ParentRunner.access$000(Lorg/junit/runners/ParentRunner;Lorg/junit/runner/notification/RunNotifier;)V+2
j  org.junit.runners.ParentRunner$2.evaluate()V+8
j  org.junit.runners.ParentRunner.run(Lorg/junit/runner/notification/RunNotifier;)V+20
j  junit.framework.JUnit4TestAdapter.run(Ljunit/framework/TestResult;)V+13
j  org.apache.tools.ant.taskdefs.optional.junit.JUnitTestRunner.run()V+698
j  org.apache.tools.ant.taskdefs.optional.junit.JUnitTestRunner.launch(Lorg/apache/tools/ant/taskdefs/optional/junit/JUnitTest;[Ljava/lang/String;ZZZZZZ)I+41
j  org.apache.tools.ant.taskdefs.optional.junit.JUnitTestRunner.main([Ljava/lang/String;)V+1016
v  ~StubRoutines::call_stub

---------------  P R O C E S S  ---------------

Java Threads: ( => current thread )
  0x00007fe26023f000 JavaThread "Java2D Disposer" daemon [_thread_blocked, id=20501, stack(0x00007fe24c8f9000,0x00007fe24c9fa000)]
  0x00007fe2600c7800 JavaThread "Service Thread" daemon [_thread_blocked, id=20499, stack(0x00007fe24e432000,0x00007fe24e533000)]
  0x00007fe2600b1800 JavaThread "C1 CompilerThread2" daemon [_thread_blocked, id=20498, stack(0x00007fe24e533000,0x00007fe24e634000)]
  0x00007fe2600b0000 JavaThread "C2 CompilerThread1" daemon [_thread_blocked, id=20497, stack(0x00007fe24e634000,0x00007fe24e735000)]
  0x00007fe2600ad000 JavaThread "C2 CompilerThread0" daemon [_thread_blocked, id=20496, stack(0x00007fe24e735000,0x00007fe24e836000)]
  0x00007fe2600ab000 JavaThread "Signal Dispatcher" daemon [_thread_blocked, id=20495, stack(0x00007fe24e836000,0x00007fe24e937000)]
  0x00007fe26007b800 JavaThread "Finalizer" daemon [_thread_blocked, id=20494, stack(0x00007fe24e937000,0x00007fe24ea38000)]
  0x00007fe260079800 JavaThread "Reference Handler" daemon [_thread_blocked, id=20493, stack(0x00007fe24ea38000,0x00007fe24eb39000)]
=>0x00007fe260009000 JavaThread "main" [_thread_in_vm, id=20485, stack(0x00007fe2688ce000,0x00007fe2689cf000)]

Other Threads:
  0x00007fe260072800 VMThread [stack: 0x00007fe24eb39000,0x00007fe24ec3a000] [id=20492]
  0x00007fe2600ca000 WatcherThread [stack: 0x00007fe24e331000,0x00007fe24e432000] [id=20500]

VM state:synchronizing (normal execution)

VM Mutex/Monitor currently owned by a thread:  ([mutex/lock_event])
[0x00007fe260005e50] ExpandHeap_lock - owner thread: 0x00007fe260009000
[0x00007fe2600064d0] Threads_lock - owner thread: 0x00007fe260072800
[0x00007fe2600069d0] Heap_lock - owner thread: 0x00007fe260009000

Heap:
 PSYoungGen      total 257536K, used 182321K [0x00000000ec300000, 0x00000000fe100000, 0x0000000100000000)
  eden space 255488K, 71% used [0x00000000ec300000,0x00000000f750c630,0x00000000fbc80000)
  from space 2048K, 0% used [0x00000000fbc80000,0x00000000fbc80000,0x00000000fbe80000)
  to   space 2048K, 0% used [0x00000000fdf00000,0x00000000fdf00000,0x00000000fe100000)
 ParOldGen       total 456704K, used 389978K [0x00000000c4800000, 0x00000000e0600000, 0x00000000ec300000)
  object space 456704K, 85% used [0x00000000c4800000,0x00000000dc4d6888,0x00000000e0600000)
 Metaspace       used 7049K, capacity 7182K, committed 7296K, reserved 1056768K
  class space    used 809K, capacity 853K, committed 896K, reserved 1048576K

Card table byte_map: [0x00007fe265b4d000,0x00007fe265d2a000] byte_map_base: 0x00007fe265529000

Marking Bits: (ParMarkBitMap*) 0x00007fe267db72c0
 Begin Bits: [0x00007fe24f240000, 0x00007fe250120000)
 End Bits:   [0x00007fe250120000, 0x00007fe251000000)

Polling page: 0x00007fe2689f3000

CodeCache: size=245760Kb used=2447Kb max_used=2464Kb free=243312Kb
 bounds [0x00007fe251000000, 0x00007fe251270000, 0x00007fe260000000]
 total_blobs=862 nmethods=513 adapters=264
 compilation: enabled

Compilation events (10 events):
Event: 10.515 Thread 0x00007fe2600b0000 nmethod 509 0x00007fe251252350 code [0x00007fe2512524e0, 0x00007fe2512528f0]
Event: 10.515 Thread 0x00007fe2600b0000  510       4       sun.awt.image.ByteInterleavedRaster::setRect (187 bytes)
Event: 10.524 Thread 0x00007fe2600b0000 nmethod 510 0x00007fe251253d50 code [0x00007fe251253ee0, 0x00007fe2512543d0]
Event: 10.641 Thread 0x00007fe2600ad000 nmethod 508 0x00007fe251265850 code [0x00007fe251265ac0, 0x00007fe251266eb8]
Event: 10.759 Thread 0x00007fe2600b0000  511   !   4       com.sun.imageio.plugins.jpeg.JPEGImageReader::acceptPixels (522 bytes)
Event: 10.761 Thread 0x00007fe2600ad000  512       4       javax.imageio.ImageReader::processImageUpdate (73 bytes)
Event: 10.762 Thread 0x00007fe2600ad000 nmethod 512 0x00007fe25124b0d0 code [0x00007fe25124b220, 0x00007fe25124b2b8]
Event: 10.789 Thread 0x00007fe2600b0000 nmethod 511 0x00007fe251264090 code [0x00007fe2512642e0, 0x00007fe251264d20]
Event: 10.809 Thread 0x00007fe2600ad000  513       4       sun.awt.image.ByteInterleavedRaster::getByteData (851 bytes)
Event: 11.322 Thread 0x00007fe2600ad000 nmethod 513 0x00007fe251261b90 code [0x00007fe251261d60, 0x00007fe251263658]

GC Heap History (10 events):
Event: 5.056 GC heap before
{Heap before GC invocations=14 (full 1):
 PSYoungGen      total 171520K, used 171040K [0x00000000ec300000, 0x00000000f6f80000, 0x0000000100000000)
  eden space 171008K, 100% used [0x00000000ec300000,0x00000000f6a00000,0x00000000f6a00000)
  from space 512K, 6% used [0x00000000f6f00000,0x00000000f6f08000,0x00000000f6f80000)
  to   space 2560K, 0% used [0x00000000f6a80000,0x00000000f6a80000,0x00000000f6d00000)
 ParOldGen       total 456704K, used 389978K [0x00000000c4800000, 0x00000000e0600000, 0x00000000ec300000)
  object space 456704K, 85% used [0x00000000c4800000,0x00000000dc4d6888,0x00000000e0600000)
 Metaspace       used 7034K, capacity 7182K, committed 7296K, reserved 1056768K
  class space    used 807K, capacity 853K, committed 896K, reserved 1048576K
Event: 5.060 GC heap after
Heap after GC invocations=14 (full 1):
 PSYoungGen      total 174080K, used 32K [0x00000000ec300000, 0x00000000f9980000, 0x0000000100000000)
  eden space 171520K, 0% used [0x00000000ec300000,0x00000000ec300000,0x00000000f6a80000)
  from space 2560K, 1% used [0x00000000f6a80000,0x00000000f6a88000,0x00000000f6d00000)
  to   space 2560K, 0% used [0x00000000f9700000,0x00000000f9700000,0x00000000f9980000)
 ParOldGen       total 456704K, used 389978K [0x00000000c4800000, 0x00000000e0600000, 0x00000000ec300000)
  object space 456704K, 85% used [0x00000000c4800000,0x00000000dc4d6888,0x00000000e0600000)
 Metaspace       used 7034K, capacity 7182K, committed 7296K, reserved 1056768K
  class space    used 807K, capacity 853K, committed 896K, reserved 1048576K
}
Event: 5.471 GC heap before
{Heap before GC invocations=15 (full 1):
 PSYoungGen      total 174080K, used 171552K [0x00000000ec300000, 0x00000000f9980000, 0x0000000100000000)
  eden space 171520K, 100% used [0x00000000ec300000,0x00000000f6a80000,0x00000000f6a80000)
  from space 2560K, 1% used [0x00000000f6a80000,0x00000000f6a88000,0x00000000f6d00000)
  to   space 2560K, 0% used [0x00000000f9700000,0x00000000f9700000,0x00000000f9980000)
 ParOldGen       total 456704K, used 389978K [0x00000000c4800000, 0x00000000e0600000, 0x00000000ec300000)
  object space 456704K, 85% used [0x00000000c4800000,0x00000000dc4d6888,0x00000000e0600000)
 Metaspace       used 7034K, capacity 7182K, committed 7296K, reserved 1056768K
  class space    used 807K, capacity 853K, committed 896K, reserved 1048576K
Event: 5.475 GC heap after
Heap after GC invocations=15 (full 1):
 PSYoungGen      total 211968K, used 0K [0x00000000ec300000, 0x00000000f9780000, 0x0000000100000000)
  eden space 211456K, 0% used [0x00000000ec300000,0x00000000ec300000,0x00000000f9180000)
  from space 512K, 0% used [0x00000000f9700000,0x00000000f9700000,0x00000000f9780000)
  to   space 2560K, 0% used [0x00000000f9280000,0x00000000f9280000,0x00000000f9500000)
 ParOldGen       total 456704K, used 389978K [0x00000000c4800000, 0x00000000e0600000, 0x00000000ec300000)
  object space 456704K, 85% used [0x00000000c4800000,0x00000000dc4d6888,0x00000000e0600000)
 Metaspace       used 7034K, capacity 7182K, committed 7296K, reserved 1056768K
  class space    used 807K, capacity 853K, committed 896K, reserved 1048576K
}
Event: 5.994 GC heap before
{Heap before GC invocations=16 (full 1):
 PSYoungGen      total 211968K, used 211456K [0x00000000ec300000, 0x00000000f9780000, 0x0000000100000000)
  eden space 211456K, 100% used [0x00000000ec300000,0x00000000f9180000,0x00000000f9180000)
  from space 512K, 0% used [0x00000000f9700000,0x00000000f9700000,0x00000000f9780000)
  to   space 2560K, 0% used [0x00000000f9280000,0x00000000f9280000,0x00000000f9500000)
 ParOldGen       total 456704K, used 389978K [0x00000000c4800000, 0x00000000e0600000, 0x00000000ec300000)
  object space 456704K, 85% used [0x00000000c4800000,0x00000000dc4d6888,0x00000000e0600000)
 Metaspace       used 7034K, capacity 7182K, committed 7296K, reserved 1056768K
  class space    used 807K, capacity 853K, committed 896K, reserved 1048576K
Event: 5.998 GC heap after
Heap after GC invocations=16 (full 1):
 PSYoungGen      total 215040K, used 32K [0x00000000ec300000, 0x00000000fc200000, 0x0000000100000000)
  eden space 212480K, 0% used [0x00000000ec300000,0x00000000ec300000,0x00000000f9280000)
  from space 2560K, 1% used [0x00000000f9280000,0x00000000f9288000,0x00000000f9500000)
  to   space 2560K, 0% used [0x00000000fbf80000,0x00000000fbf80000,0x00000000fc200000)
 ParOldGen       total 456704K, used 389978K [0x00000000c4800000, 0x00000000e0600000, 0x00000000ec300000)
  object space 456704K, 85% used [0x00000000c4800000,0x00000000dc4d6888,0x00000000e0600000)
 Metaspace       used 7034K, capacity 7182K, committed 7296K, reserved 1056768K
  class space    used 807K, capacity 853K, committed 896K, reserved 1048576K
}
Event: 6.525 GC heap before
{Heap before GC invocations=17 (full 1):
 PSYoungGen      total 215040K, used 212512K [0x00000000ec300000, 0x00000000fc200000, 0x0000000100000000)
  eden space 212480K, 100% used [0x00000000ec300000,0x00000000f9280000,0x00000000f9280000)
  from space 2560K, 1% used [0x00000000f9280000,0x00000000f9288000,0x00000000f9500000)
  to   space 2560K, 0% used [0x00000000fbf80000,0x00000000fbf80000,0x00000000fc200000)
 ParOldGen       total 456704K, used 389978K [0x00000000c4800000, 0x00000000e0600000, 0x00000000ec300000)
  object space 456704K, 85% used [0x00000000c4800000,0x00000000dc4d6888,0x00000000e0600000)
 Metaspace       used 7034K, capacity 7182K, committed 7296K, reserved 1056768K
  class space    used 807K, capacity 853K, committed 896K, reserved 1048576K
Event: 6.530 GC heap after
Heap after GC invocations=17 (full 1):
 PSYoungGen      total 256512K, used 0K [0x00000000ec300000, 0x00000000fc080000, 0x0000000100000000)
  eden space 255488K, 0% used [0x00000000ec300000,0x00000000ec300000,0x00000000fbc80000)
  from space 1024K, 0% used [0x00000000fbf80000,0x00000000fbf80000,0x00000000fc080000)
  to   space 2048K, 0% used [0x00000000fbc80000,0x00000000fbc80000,0x00000000fbe80000)
 ParOldGen       total 456704K, used 389978K [0x00000000c4800000, 0x00000000e0600000, 0x00000000ec300000)
  object space 456704K, 85% used [0x00000000c4800000,0x00000000dc4d6888,0x00000000e0600000)
 Metaspace       used 7034K, capacity 7182K, committed 7296K, reserved 1056768K
  class space    used 807K, capacity 853K, committed 896K, reserved 1048576K
}
Event: 7.179 GC heap before
{Heap before GC invocations=18 (full 1):
 PSYoungGen      total 256512K, used 255488K [0x00000000ec300000, 0x00000000fc080000, 0x0000000100000000)
  eden space 255488K, 100% used [0x00000000ec300000,0x00000000fbc80000,0x00000000fbc80000)
  from space 1024K, 0% used [0x00000000fbf80000,0x00000000fbf80000,0x00000000fc080000)
  to   space 2048K, 0% used [0x00000000fbc80000,0x00000000fbc80000,0x00000000fbe80000)
 ParOldGen       total 456704K, used 389978K [0x00000000c4800000, 0x00000000e0600000, 0x00000000ec300000)
  object space 456704K, 85% used [0x00000000c4800000,0x00000000dc4d6888,0x00000000e0600000)
 Metaspace       used 7034K, capacity 7182K, committed 7296K, reserved 1056768K
  class space    used 807K, capacity 853K, committed 896K, reserved 1048576K
Event: 7.186 GC heap after
Heap after GC invocations=18 (full 1):
 PSYoungGen      total 257536K, used 0K [0x00000000ec300000, 0x00000000fe100000, 0x0000000100000000)
  eden space 255488K, 0% used [0x00000000ec300000,0x00000000ec300000,0x00000000fbc80000)
  from space 2048K, 0% used [0x00000000fbc80000,0x00000000fbc80000,0x00000000fbe80000)
  to   space 2048K, 0% used [0x00000000fdf00000,0x00000000fdf00000,0x00000000fe100000)
 ParOldGen       total 456704K, used 389978K [0x00000000c4800000, 0x00000000e0600000, 0x00000000ec300000)
  object space 456704K, 85% used [0x00000000c4800000,0x00000000dc4d6888,0x00000000e0600000)
 Metaspace       used 7034K, capacity 7182K, committed 7296K, reserved 1056768K
  class space    used 807K, capacity 853K, committed 896K, reserved 1048576K
}

Deoptimization events (2 events):
Event: 8.302 Thread 0x00007fe260009000 Uncommon trap: reason=null_check action=make_not_entrant pc=0x00007fe25122cdac method=sun.java2d.cmm.lcms.LCMSProfile$TagCache.getTag(I)Lsun/java2d/cmm/lcms/LCMSProfile$TagData; @ 11
Event: 8.670 Thread 0x00007fe260009000 Uncommon trap: reason=null_check action=make_not_entrant pc=0x00007fe25121fc4c method=sun.java2d.cmm.lcms.LCMSProfile$TagCache.getTag(I)Lsun/java2d/cmm/lcms/LCMSProfile$TagData; @ 11

Internal exceptions (10 events):
Event: 0.722 Thread 0x00007fe260009000 Exception <a 'java/lang/NoSuchFieldError': method resolution failed> (0x00000000ec825868) thrown at [/HUDSON/workspace/8-2-build-linux-amd64/jdk8u25/1514/hotspot/src/share/vm/prims/methodHandles.cpp, line 1159]
Event: 0.726 Thread 0x00007fe260009000 Exception <a 'java/lang/NoSuchFieldError': method resolution failed> (0x00000000ec834720) thrown at [/HUDSON/workspace/8-2-build-linux-amd64/jdk8u25/1514/hotspot/src/share/vm/prims/methodHandles.cpp, line 1159]
Event: 0.728 Thread 0x00007fe260009000 Exception <a 'java/lang/NoSuchFieldError': method resolution failed> (0x00000000ec837ba0) thrown at [/HUDSON/workspace/8-2-build-linux-amd64/jdk8u25/1514/hotspot/src/share/vm/prims/methodHandles.cpp, line 1159]
Event: 2.735 Thread 0x00007fe260009000 Exception <a 'java/security/PrivilegedActionException'> (0x00000000ecf81af0) thrown at [/HUDSON/workspace/8-2-build-linux-amd64/jdk8u25/1514/hotspot/src/share/vm/prims/jvm.cpp, line 1312]
Event: 2.736 Thread 0x00007fe260009000 Exception <a 'java/security/PrivilegedActionException'> (0x00000000ecf84968) thrown at [/HUDSON/workspace/8-2-build-linux-amd64/jdk8u25/1514/hotspot/src/share/vm/prims/jvm.cpp, line 1312]
Event: 2.737 Thread 0x00007fe260009000 Exception <a 'java/security/PrivilegedActionException'> (0x00000000ecf88218) thrown at [/HUDSON/workspace/8-2-build-linux-amd64/jdk8u25/1514/hotspot/src/share/vm/prims/jvm.cpp, line 1312]
Event: 7.308 Thread 0x00007fe260009000 Exception <a 'java/security/PrivilegedActionException'> (0x00000000ef1b1858) thrown at [/HUDSON/workspace/8-2-build-linux-amd64/jdk8u25/1514/hotspot/src/share/vm/prims/jvm.cpp, line 1312]
Event: 7.366 Thread 0x00007fe260009000 Exception <a 'java/security/PrivilegedActionException'> (0x00000000ef1b6310) thrown at [/HUDSON/workspace/8-2-build-linux-amd64/jdk8u25/1514/hotspot/src/share/vm/prims/jvm.cpp, line 1312]
Event: 8.071 Thread 0x00007fe260009000 Implicit null exception at 0x00007fe25122c308 to 0x00007fe25122cd90
Event: 8.670 Thread 0x00007fe260009000 Implicit null exception at 0x00007fe25121fb04 to 0x00007fe25121fc39

Events (10 events):
Event: 7.447 loading class java/text/DecimalFormat$DigitArrays
Event: 7.447 loading class java/text/DecimalFormat$DigitArrays done
Event: 8.103 Thread 0x00007fe260009000 Uncommon trap: trap_request=0xfffffff4 fr.pc=0x00007fe25122cdac
Event: 8.103 Executing VM operation: RevokeBias
Event: 8.302 Executing VM operation: RevokeBias done
Event: 8.302 Thread 0x00007fe260009000 DEOPT PACKING pc=0x00007fe25122cdac sp=0x00007fe2689cbc20
Event: 8.400 Thread 0x00007fe260009000 DEOPT UNPACKING pc=0x00007fe251004f69 sp=0x00007fe2689cbaa8 mode 2
Event: 8.670 Thread 0x00007fe260009000 Uncommon trap: trap_request=0xfffffff4 fr.pc=0x00007fe25121fc4c
Event: 8.670 Thread 0x00007fe260009000 DEOPT PACKING pc=0x00007fe25121fc4c sp=0x00007fe2689cbbc0
Event: 8.670 Thread 0x00007fe260009000 DEOPT UNPACKING pc=0x00007fe251004f69 sp=0x00007fe2689cbb88 mode 2


Dynamic libraries:
00400000-00401000 r-xp 00000000 08:03 1189436                            /usr/java/jdk1.8.0_25/jre/bin/java
00600000-00601000 rw-p 00000000 08:03 1189436                            /usr/java/jdk1.8.0_25/jre/bin/java
012a1000-012c2000 rw-p 00000000 00:00 0                                  [heap]
c4800000-e0600000 rw-p 00000000 00:00 0 
ec300000-fe100000 rw-p 00000000 00:00 0 
fe100000-100000000 ---p 00000000 00:00 0 
100000000-1000e0000 rw-p 00000000 00:00 0 
1000e0000-140000000 ---p 00000000 00:00 0 
7fe20c000000-7fe20c021000 rw-p 00000000 00:00 0 
7fe20c021000-7fe210000000 ---p 00000000 00:00 0 
7fe210000000-7fe210021000 rw-p 00000000 00:00 0 
7fe210021000-7fe214000000 ---p 00000000 00:00 0 
7fe214000000-7fe2142ed000 rw-p 00000000 00:00 0 
7fe2142ed000-7fe218000000 ---p 00000000 00:00 0 
7fe218000000-7fe218021000 rw-p 00000000 00:00 0 
7fe218021000-7fe21c000000 ---p 00000000 00:00 0 
7fe21c000000-7fe21c57c000 rw-p 00000000 00:00 0 
7fe21c57c000-7fe220000000 ---p 00000000 00:00 0 
7fe220000000-7fe220237000 rw-p 00000000 00:00 0 
7fe220237000-7fe224000000 ---p 00000000 00:00 0 
7fe224000000-7fe224021000 rw-p 00000000 00:00 0 
7fe224021000-7fe228000000 ---p 00000000 00:00 0 
7fe229a8d000-7fe230000000 r--p 00000000 08:03 925572                     /usr/lib/locale/locale-archive
7fe230000000-7fe230021000 rw-p 00000000 00:00 0 
7fe230021000-7fe234000000 ---p 00000000 00:00 0 
7fe234000000-7fe234021000 rw-p 00000000 00:00 0 
7fe234021000-7fe238000000 ---p 00000000 00:00 0 
7fe238000000-7fe238021000 rw-p 00000000 00:00 0 
7fe238021000-7fe23c000000 ---p 00000000 00:00 0 
7fe23c000000-7fe23c021000 rw-p 00000000 00:00 0 
7fe23c021000-7fe240000000 ---p 00000000 00:00 0 
7fe240000000-7fe240021000 rw-p 00000000 00:00 0 
7fe240021000-7fe244000000 ---p 00000000 00:00 0 
7fe244000000-7fe244021000 rw-p 00000000 00:00 0 
7fe244021000-7fe248000000 ---p 00000000 00:00 0 
7fe248000000-7fe248021000 rw-p 00000000 00:00 0 
7fe248021000-7fe24c000000 ---p 00000000 00:00 0 
7fe24c468000-7fe24c4ba000 r-xp 00000000 08:03 1189491                    /usr/java/jdk1.8.0_25/jre/lib/amd64/liblcms.so
7fe24c4ba000-7fe24c6b9000 ---p 00052000 08:03 1189491                    /usr/java/jdk1.8.0_25/jre/lib/amd64/liblcms.so
7fe24c6b9000-7fe24c6be000 rw-p 00051000 08:03 1189491                    /usr/java/jdk1.8.0_25/jre/lib/amd64/liblcms.so
7fe24c6be000-7fe24c6f8000 r-xp 00000000 08:03 1189485                    /usr/java/jdk1.8.0_25/jre/lib/amd64/libjpeg.so
7fe24c6f8000-7fe24c8f8000 ---p 0003a000 08:03 1189485                    /usr/java/jdk1.8.0_25/jre/lib/amd64/libjpeg.so
7fe24c8f8000-7fe24c8f9000 rw-p 0003a000 08:03 1189485                    /usr/java/jdk1.8.0_25/jre/lib/amd64/libjpeg.so
7fe24c8f9000-7fe24c8fc000 ---p 00000000 00:00 0 
7fe24c8fc000-7fe24c9fa000 rw-p 00000000 00:00 0                          [stack:20501]
7fe24c9fa000-7fe24ca10000 r-xp 00000000 08:03 1189494                    /usr/java/jdk1.8.0_25/jre/lib/amd64/libnet.so
7fe24ca10000-7fe24cc10000 ---p 00016000 08:03 1189494                    /usr/java/jdk1.8.0_25/jre/lib/amd64/libnet.so
7fe24cc10000-7fe24cc11000 rw-p 00016000 08:03 1189494                    /usr/java/jdk1.8.0_25/jre/lib/amd64/libnet.so
7fe24cc11000-7fe24cc22000 r-xp 00000000 08:03 1189495                    /usr/java/jdk1.8.0_25/jre/lib/amd64/libnio.so
7fe24cc22000-7fe24ce21000 ---p 00011000 08:03 1189495                    /usr/java/jdk1.8.0_25/jre/lib/amd64/libnio.so
7fe24ce21000-7fe24ce22000 rw-p 00010000 08:03 1189495                    /usr/java/jdk1.8.0_25/jre/lib/amd64/libnio.so
7fe24ce22000-7fe24ce24000 r-xp 00000000 08:03 923717                     /usr/lib64/libXau.so.6.0.0
7fe24ce24000-7fe24d024000 ---p 00002000 08:03 923717                     /usr/lib64/libXau.so.6.0.0
7fe24d024000-7fe24d025000 r--p 00002000 08:03 923717                     /usr/lib64/libXau.so.6.0.0
7fe24d025000-7fe24d026000 rw-p 00003000 08:03 923717                     /usr/lib64/libXau.so.6.0.0
7fe24d026000-7fe24d047000 r-xp 00000000 08:03 924708                     /usr/lib64/libxcb.so.1.1.0
7fe24d047000-7fe24d246000 ---p 00021000 08:03 924708                     /usr/lib64/libxcb.so.1.1.0
7fe24d246000-7fe24d247000 r--p 00020000 08:03 924708                     /usr/lib64/libxcb.so.1.1.0
7fe24d247000-7fe24d248000 rw-p 00021000 08:03 924708                     /usr/lib64/libxcb.so.1.1.0
7fe24d248000-7fe24d257000 r-xp 00000000 08:03 923727                     /usr/lib64/libXi.so.6.1.0
7fe24d257000-7fe24d456000 ---p 0000f000 08:03 923727                     /usr/lib64/libXi.so.6.1.0
7fe24d456000-7fe24d457000 r--p 0000e000 08:03 923727                     /usr/lib64/libXi.so.6.1.0
7fe24d457000-7fe24d458000 rw-p 0000f000 08:03 923727                     /usr/lib64/libXi.so.6.1.0
7fe24d458000-7fe24d45d000 r-xp 00000000 08:03 923735                     /usr/lib64/libXtst.so.6.1.0
7fe24d45d000-7fe24d65c000 ---p 00005000 08:03 923735                     /usr/lib64/libXtst.so.6.1.0
7fe24d65c000-7fe24d65d000 r--p 00004000 08:03 923735                     /usr/lib64/libXtst.so.6.1.0
7fe24d65d000-7fe24d65e000 rw-p 00005000 08:03 923735                     /usr/lib64/libXtst.so.6.1.0
7fe24d65e000-7fe24d667000 r-xp 00000000 08:03 923733                     /usr/lib64/libXrender.so.1.3.0
7fe24d667000-7fe24d866000 ---p 00009000 08:03 923733                     /usr/lib64/libXrender.so.1.3.0
7fe24d866000-7fe24d867000 r--p 00008000 08:03 923733                     /usr/lib64/libXrender.so.1.3.0
7fe24d867000-7fe24d868000 rw-p 00009000 08:03 923733                     /usr/lib64/libXrender.so.1.3.0
7fe24d868000-7fe24d9a4000 r-xp 00000000 08:03 923715                     /usr/lib64/libX11.so.6.3.0
7fe24d9a4000-7fe24dba3000 ---p 0013c000 08:03 923715                     /usr/lib64/libX11.so.6.3.0
7fe24dba3000-7fe24dba5000 r--p 0013b000 08:03 923715                     /usr/lib64/libX11.so.6.3.0
7fe24dba5000-7fe24dbaa000 rw-p 0013d000 08:03 923715                     /usr/lib64/libX11.so.6.3.0
7fe24dbaa000-7fe24dbab000 rw-p 00000000 00:00 0 
7fe24dbab000-7fe24dbbc000 r-xp 00000000 08:03 923723                     /usr/lib64/libXext.so.6.4.0
7fe24dbbc000-7fe24ddbb000 ---p 00011000 08:03 923723                     /usr/lib64/libXext.so.6.4.0
7fe24ddbb000-7fe24ddbc000 r--p 00010000 08:03 923723                     /usr/lib64/libXext.so.6.4.0
7fe24ddbc000-7fe24ddbd000 rw-p 00011000 08:03 923723                     /usr/lib64/libXext.so.6.4.0
7fe24ddc1000-7fe24ddc4000 rw-p 00000000 00:00 0 
7fe24ddc4000-7fe24ddd9000 r--s 000ff000 08:03 1189720                    /usr/java/jdk1.8.0_25/jre/lib/resources.jar
7fe24ddd9000-7fe24ddde000 r--s 00092000 08:03 1189721                    /usr/java/jdk1.8.0_25/jre/lib/jsse.jar
7fe24ddde000-7fe24de32000 r-xp 00000000 08:03 1189458                    /usr/java/jdk1.8.0_25/jre/lib/amd64/libawt_xawt.so
7fe24de32000-7fe24e032000 ---p 00054000 08:03 1189458                    /usr/java/jdk1.8.0_25/jre/lib/amd64/libawt_xawt.so
7fe24e032000-7fe24e036000 rw-p 00054000 08:03 1189458                    /usr/java/jdk1.8.0_25/jre/lib/amd64/libawt_xawt.so
7fe24e036000-7fe24e037000 rw-p 00000000 00:00 0 
7fe24e037000-7fe24e0d9000 r-xp 00000000 08:03 1189456                    /usr/java/jdk1.8.0_25/jre/lib/amd64/libawt.so
7fe24e0d9000-7fe24e2d9000 ---p 000a2000 08:03 1189456                    /usr/java/jdk1.8.0_25/jre/lib/amd64/libawt.so
7fe24e2d9000-7fe24e2e5000 rw-p 000a2000 08:03 1189456                    /usr/java/jdk1.8.0_25/jre/lib/amd64/libawt.so
7fe24e2e5000-7fe24e309000 rw-p 00000000 00:00 0 
7fe24e309000-7fe24e30f000 r--s 002f7000 08:03 1189706                    /usr/java/jdk1.8.0_25/jre/lib/charsets.jar
7fe24e30f000-7fe24e331000 r--s 0038e000 08:03 1316997                    /usr/java/jdk1.8.0_25/jre/lib/ext/cldrdata.jar
7fe24e331000-7fe24e332000 ---p 00000000 00:00 0 
7fe24e332000-7fe24e432000 rw-p 00000000 00:00 0                          [stack:20500]
7fe24e432000-7fe24e435000 ---p 00000000 00:00 0 
7fe24e435000-7fe24e533000 rw-p 00000000 00:00 0                          [stack:20499]
7fe24e533000-7fe24e536000 ---p 00000000 00:00 0 
7fe24e536000-7fe24e634000 rw-p 00000000 00:00 0                          [stack:20498]
7fe24e634000-7fe24e637000 ---p 00000000 00:00 0 
7fe24e637000-7fe24e735000 rw-p 00000000 00:00 0                          [stack:20497]
7fe24e735000-7fe24e738000 ---p 00000000 00:00 0 
7fe24e738000-7fe24e836000 rw-p 00000000 00:00 0                          [stack:20496]
7fe24e836000-7fe24e839000 ---p 00000000 00:00 0 
7fe24e839000-7fe24e937000 rw-p 00000000 00:00 0                          [stack:20495]
7fe24e937000-7fe24e93a000 ---p 00000000 00:00 0 
7fe24e93a000-7fe24ea38000 rw-p 00000000 00:00 0                          [stack:20494]
7fe24ea38000-7fe24ea3b000 ---p 00000000 00:00 0 
7fe24ea3b000-7fe24eb39000 rw-p 00000000 00:00 0                          [stack:20493]
7fe24eb39000-7fe24eb3a000 ---p 00000000 00:00 0 
7fe24eb3a000-7fe251000000 rw-p 00000000 00:00 0                          [stack:20492]
7fe251000000-7fe251270000 rwxp 00000000 00:00 0 
7fe251270000-7fe260000000 ---p 00000000 00:00 0 
7fe260000000-7fe260518000 rw-p 00000000 00:00 0 
7fe260518000-7fe264000000 ---p 00000000 00:00 0 
7fe264000000-7fe264002000 r--s 00002000 08:03 1478611                    /usr/share/java/ant/ant-junit4.jar
7fe264002000-7fe26400c000 r--s 0021b000 08:03 1317247                    /usr/java/jdk1.8.0_25/jre/lib/ext/localedata.jar
7fe26400c000-7fe26400e000 r--s 0001b000 08:03 1478610                    /usr/share/java/ant/ant-junit.jar
7fe26400e000-7fe26402d000 r--s 001d0000 08:03 1459916                    /usr/share/java/ant/ant.jar
7fe26402d000-7fe264035000 r--s 0003f000 08:03 1478589                    /usr/share/java/junit.jar
7fe264035000-7fe2649e3000 rw-p 00000000 00:00 0 
7fe2649e3000-7fe264bb9000 r--s 03c64000 08:03 1189726                    /usr/java/jdk1.8.0_25/jre/lib/rt.jar
7fe264bb9000-7fe26526f000 rw-p 00000000 00:00 0 
7fe26526f000-7fe26542f000 ---p 00000000 00:00 0 
7fe26542f000-7fe26560b000 rw-p 00000000 00:00 0 
7fe26560b000-7fe26560c000 ---p 00000000 00:00 0 
7fe26560c000-7fe26570c000 rw-p 00000000 00:00 0                          [stack:20491]
7fe26570c000-7fe26570d000 ---p 00000000 00:00 0 
7fe26570d000-7fe26580d000 rw-p 00000000 00:00 0                          [stack:20490]
7fe26580d000-7fe26580e000 ---p 00000000 00:00 0 
7fe26580e000-7fe26590e000 rw-p 00000000 00:00 0                          [stack:20489]
7fe26590e000-7fe26590f000 ---p 00000000 00:00 0 
7fe26590f000-7fe265aee000 rw-p 00000000 00:00 0                          [stack:20487]
7fe265aee000-7fe265b4d000 ---p 00000000 00:00 0 
7fe265b4d000-7fe265c2c000 rw-p 00000000 00:00 0 
7fe265c2c000-7fe265c8a000 ---p 00000000 00:00 0 
7fe265c8a000-7fe265d1a000 rw-p 00000000 00:00 0 
7fe265d1a000-7fe265d29000 ---p 00000000 00:00 0 
7fe265d29000-7fe265d34000 rw-p 00000000 00:00 0 
7fe265d34000-7fe2660ea000 ---p 00000000 00:00 0 
7fe2660ea000-7fe266104000 r-xp 00000000 08:03 1189508                    /usr/java/jdk1.8.0_25/jre/lib/amd64/libzip.so
7fe266104000-7fe266304000 ---p 0001a000 08:03 1189508                    /usr/java/jdk1.8.0_25/jre/lib/amd64/libzip.so
7fe266304000-7fe266305000 rw-p 0001a000 08:03 1189508                    /usr/java/jdk1.8.0_25/jre/lib/amd64/libzip.so
7fe266305000-7fe266311000 r-xp 00000000 08:03 923113                     /usr/lib64/libnss_files-2.20.so
7fe266311000-7fe266510000 ---p 0000c000 08:03 923113                     /usr/lib64/libnss_files-2.20.so
7fe266510000-7fe266511000 r--p 0000b000 08:03 923113                     /usr/lib64/libnss_files-2.20.so
7fe266511000-7fe266512000 rw-p 0000c000 08:03 923113                     /usr/lib64/libnss_files-2.20.so
7fe266512000-7fe26653c000 r-xp 00000000 08:03 1189473                    /usr/java/jdk1.8.0_25/jre/lib/amd64/libjava.so
7fe26653c000-7fe26673c000 ---p 0002a000 08:03 1189473                    /usr/java/jdk1.8.0_25/jre/lib/amd64/libjava.so
7fe26673c000-7fe26673e000 rw-p 0002a000 08:03 1189473                    /usr/java/jdk1.8.0_25/jre/lib/amd64/libjava.so
7fe26673e000-7fe26674b000 r-xp 00000000 08:03 1189507                    /usr/java/jdk1.8.0_25/jre/lib/amd64/libverify.so
7fe26674b000-7fe26694b000 ---p 0000d000 08:03 1189507                    /usr/java/jdk1.8.0_25/jre/lib/amd64/libverify.so
7fe26694b000-7fe26694d000 rw-p 0000d000 08:03 1189507                    /usr/java/jdk1.8.0_25/jre/lib/amd64/libverify.so
7fe26694d000-7fe266954000 r-xp 00000000 08:03 923223                     /usr/lib64/librt-2.20.so
7fe266954000-7fe266b53000 ---p 00007000 08:03 923223                     /usr/lib64/librt-2.20.so
7fe266b53000-7fe266b54000 r--p 00006000 08:03 923223                     /usr/lib64/librt-2.20.so
7fe266b54000-7fe266b55000 rw-p 00007000 08:03 923223                     /usr/lib64/librt-2.20.so
7fe266b55000-7fe266c5c000 r-xp 00000000 08:03 922715                     /usr/lib64/libm-2.20.so
7fe266c5c000-7fe266e5b000 ---p 00107000 08:03 922715                     /usr/lib64/libm-2.20.so
7fe266e5b000-7fe266e5c000 r--p 00106000 08:03 922715                     /usr/lib64/libm-2.20.so
7fe266e5c000-7fe266e5d000 rw-p 00107000 08:03 922715                     /usr/lib64/libm-2.20.so
7fe266e5d000-7fe267aca000 r-xp 00000000 08:03 1189512                    /usr/java/jdk1.8.0_25/jre/lib/amd64/server/libjvm.so
7fe267aca000-7fe267cc9000 ---p 00c6d000 08:03 1189512                    /usr/java/jdk1.8.0_25/jre/lib/amd64/server/libjvm.so
7fe267cc9000-7fe267d9f000 rw-p 00c6c000 08:03 1189512                    /usr/java/jdk1.8.0_25/jre/lib/amd64/server/libjvm.so
7fe267d9f000-7fe267de2000 rw-p 00000000 00:00 0 
7fe267de2000-7fe267f96000 r-xp 00000000 08:03 922581                     /usr/lib64/libc-2.20.so
7fe267f96000-7fe268195000 ---p 001b4000 08:03 922581                     /usr/lib64/libc-2.20.so
7fe268195000-7fe268199000 r--p 001b3000 08:03 922581                     /usr/lib64/libc-2.20.so
7fe268199000-7fe26819b000 rw-p 001b7000 08:03 922581                     /usr/lib64/libc-2.20.so
7fe26819b000-7fe26819f000 rw-p 00000000 00:00 0 
7fe26819f000-7fe2681a2000 r-xp 00000000 08:03 922692                     /usr/lib64/libdl-2.20.so
7fe2681a2000-7fe2683a1000 ---p 00003000 08:03 922692                     /usr/lib64/libdl-2.20.so
7fe2683a1000-7fe2683a2000 r--p 00002000 08:03 922692                     /usr/lib64/libdl-2.20.so
7fe2683a2000-7fe2683a3000 rw-p 00003000 08:03 922692                     /usr/lib64/libdl-2.20.so
7fe2683a3000-7fe2683b8000 r-xp 00000000 08:03 1189452                    /usr/java/jdk1.8.0_25/jre/lib/amd64/jli/libjli.so
7fe2683b8000-7fe2685b7000 ---p 00015000 08:03 1189452                    /usr/java/jdk1.8.0_25/jre/lib/amd64/jli/libjli.so
7fe2685b7000-7fe2685b8000 rw-p 00014000 08:03 1189452                    /usr/java/jdk1.8.0_25/jre/lib/amd64/jli/libjli.so
7fe2685b8000-7fe2685cf000 r-xp 00000000 08:03 923117                     /usr/lib64/libpthread-2.20.so
7fe2685cf000-7fe2687ce000 ---p 00017000 08:03 923117                     /usr/lib64/libpthread-2.20.so
7fe2687ce000-7fe2687cf000 r--p 00016000 08:03 923117                     /usr/lib64/libpthread-2.20.so
7fe2687cf000-7fe2687d0000 rw-p 00017000 08:03 923117                     /usr/lib64/libpthread-2.20.so
7fe2687d0000-7fe2687d4000 rw-p 00000000 00:00 0 
7fe2687d4000-7fe2687f5000 r-xp 00000000 08:03 925570                     /usr/lib64/ld-2.20.so
7fe2687f5000-7fe2687fc000 r--s 00030000 08:01 9437484                    /home/socrates/projects/computer_vision/tripping-octo-nemesis/lib/junit.jar
7fe2687fc000-7fe2688ce000 rw-p 00000000 00:00 0 
7fe2688ce000-7fe2688d1000 ---p 00000000 00:00 0 
7fe2688d1000-7fe2689d3000 rw-p 00000000 00:00 0                          [stack:20485]
7fe2689d3000-7fe2689d4000 r--p 00000000 08:03 2225941                    /usr/share/locale/en_GB/LC_MESSAGES/libc.mo
7fe2689d4000-7fe2689d5000 r--s 00004000 08:03 1459915                    /usr/share/java/ant/ant-launcher.jar
7fe2689d5000-7fe2689d7000 r--s 00007000 08:01 9437483                    /home/socrates/projects/computer_vision/tripping-octo-nemesis/lib/hamcrest-core.jar
7fe2689d7000-7fe2689ea000 rw-p 00000000 00:00 0 
7fe2689ea000-7fe2689f2000 rw-s 00000000 00:22 716699                     /tmp/hsperfdata_socrates/20483
7fe2689f2000-7fe2689f3000 rw-p 00000000 00:00 0 
7fe2689f3000-7fe2689f4000 ---p 00000000 00:00 0 
7fe2689f4000-7fe2689f5000 rw-p 00000000 00:00 0 
7fe2689f5000-7fe2689f6000 r--p 00021000 08:03 925570                     /usr/lib64/ld-2.20.so
7fe2689f6000-7fe2689f7000 rw-p 00022000 08:03 925570                     /usr/lib64/ld-2.20.so
7fe2689f7000-7fe2689f8000 rw-p 00000000 00:00 0 
7fff69780000-7fff697a2000 rw-p 00000000 00:00 0                          [stack]
7fff697f6000-7fff697f8000 r--p 00000000 00:00 0                          [vvar]
7fff697f8000-7fff697fa000 r-xp 00000000 00:00 0                          [vdso]
ffffffffff600000-ffffffffff601000 r-xp 00000000 00:00 0                  [vsyscall]

VM Arguments:
java_command: org.apache.tools.ant.taskdefs.optional.junit.JUnitTestRunner mx.unam.ciencias.cv.test.BilderTest skipNonTests=false filtertrace=true haltOnError=false haltOnFailure=false formatter=org.apache.tools.ant.taskdefs.optional.junit.SummaryJUnitResultFormatter showoutput=false outputtoformatters=true logfailedtests=true threadid=0 logtestlistenerevents=false formatter=org.apache.tools.ant.taskdefs.optional.junit.PlainJUnitResultFormatter crashfile=/home/socrates/projects/computer_vision/tripping-octo-nemesis/junitvmwatcher69134476640036920.properties propsfile=/home/socrates/projects/computer_vision/tripping-octo-nemesis/junit2297850984242875833.properties
java_class_path (initial): /home/socrates/projects/computer_vision/tripping-octo-nemesis/build:/home/socrates/projects/computer_vision/tripping-octo-nemesis/lib/junit.jar:/home/socrates/projects/computer_vision/tripping-octo-nemesis/lib/hamcrest-core.jar:/usr/share/java/junit.jar:/usr/share/java/ant/ant-launcher.jar:/usr/share/java/ant/ant.jar:/usr/share/java/ant/ant-junit.jar:/usr/share/java/ant/ant-junit4.jar
Launcher Type: SUN_STANDARD

Environment Variables:
JAVA_HOME=/usr/java/jdk1.8.0_25
PATH=/usr/lib64/qt-3.3/bin:/usr/local/bin:/usr/local/sbin:/usr/bin:/usr/sbin:/bin:/sbin:/home/socrates/.local/bin:/home/socrates/bin
USERNAME=socrates
SHELL=/bin/bash
DISPLAY=:0

Signal Handlers:
SIGSEGV: [libjvm.so+0xa79a80], sa_mask[0]=11111111011111111101111111111110, sa_flags=SA_RESTART|SA_SIGINFO
SIGBUS: [libjvm.so+0xa79a80], sa_mask[0]=11111111011111111101111111111110, sa_flags=SA_RESTART|SA_SIGINFO
SIGFPE: [libjvm.so+0x8e24e0], sa_mask[0]=11111111011111111101111111111110, sa_flags=SA_RESTART|SA_SIGINFO
SIGPIPE: [libjvm.so+0x8e24e0], sa_mask[0]=11111111011111111101111111111110, sa_flags=SA_RESTART|SA_SIGINFO
SIGXFSZ: [libjvm.so+0x8e24e0], sa_mask[0]=11111111011111111101111111111110, sa_flags=SA_RESTART|SA_SIGINFO
SIGILL: [libjvm.so+0x8e24e0], sa_mask[0]=11111111011111111101111111111110, sa_flags=SA_RESTART|SA_SIGINFO
SIGUSR1: SIG_DFL, sa_mask[0]=00000000000000000000000000000000, sa_flags=none
SIGUSR2: [libjvm.so+0x8e3d10], sa_mask[0]=00100000000000000000000000000000, sa_flags=SA_RESTART|SA_SIGINFO
SIGHUP: [libjvm.so+0x8e50d0], sa_mask[0]=11111111011111111101111111111110, sa_flags=SA_RESTART|SA_SIGINFO
SIGINT: [libjvm.so+0x8e50d0], sa_mask[0]=11111111011111111101111111111110, sa_flags=SA_RESTART|SA_SIGINFO
SIGTERM: [libjvm.so+0x8e50d0], sa_mask[0]=11111111011111111101111111111110, sa_flags=SA_RESTART|SA_SIGINFO
SIGQUIT: [libjvm.so+0x8e50d0], sa_mask[0]=11111111011111111101111111111110, sa_flags=SA_RESTART|SA_SIGINFO


---------------  S Y S T E M  ---------------

OS:Fedora release 21 (Twenty One)

uname:Linux 3.17.7-300.fc21.x86_64 #1 SMP Wed Dec 17 03:08:44 UTC 2014 x86_64
libc:glibc 2.20 NPTL 2.20 
rlimit: STACK 8192k, CORE 0k, NPROC 4096, NOFILE 4096, AS infinity
load average:2.36 1.71 1.13

/proc/meminfo:
MemTotal:        3897644 kB
MemFree:          106544 kB
MemAvailable:      86444 kB
Buffers:            1460 kB
Cached:           501772 kB
SwapCached:            0 kB
Active:          3103360 kB
Inactive:         456312 kB
Active(anon):    3062296 kB
Inactive(anon):   409888 kB
Active(file):      41064 kB
Inactive(file):    46424 kB
Unevictable:         160 kB
Mlocked:             160 kB
SwapTotal:             0 kB
SwapFree:              0 kB
Dirty:               128 kB
Writeback:            12 kB
AnonPages:       3056980 kB
Mapped:           182088 kB
Shmem:            415364 kB
Slab:              93124 kB
SReclaimable:      41240 kB
SUnreclaim:        51884 kB
KernelStack:       11536 kB
PageTables:        61828 kB
NFS_Unstable:          0 kB
Bounce:                0 kB
WritebackTmp:          0 kB
CommitLimit:     1948820 kB
Committed_AS:   11761448 kB
VmallocTotal:   34359738367 kB
VmallocUsed:      556396 kB
VmallocChunk:   34359165296 kB
HardwareCorrupted:     0 kB
AnonHugePages:         0 kB
HugePages_Total:       0
HugePages_Free:        0
HugePages_Rsvd:        0
HugePages_Surp:        0
Hugepagesize:       2048 kB
DirectMap4k:       90368 kB
DirectMap2M:     3952640 kB


CPU:total 4 (2 cores per cpu, 2 threads per core) family 6 model 42 stepping 7, cmov, cx8, fxsr, mmx, sse, sse2, sse3, ssse3, sse4.1, sse4.2, popcnt, avx, clmul, ht, tsc, tscinvbit

/proc/cpuinfo:
processor	: 0
vendor_id	: GenuineIntel
cpu family	: 6
model		: 42
model name	: Intel(R) Core(TM) i3-2310M CPU @ 2.10GHz
stepping	: 7
microcode	: 0x29
cpu MHz		: 841.558
cache size	: 3072 KB
physical id	: 0
siblings	: 4
core id		: 0
cpu cores	: 2
apicid		: 0
initial apicid	: 0
fpu		: yes
fpu_exception	: yes
cpuid level	: 13
wp		: yes
flags		: fpu vme de pse tsc msr pae mce cx8 apic sep mtrr pge mca cmov pat pse36 clflush dts acpi mmx fxsr sse sse2 ss ht tm pbe syscall nx rdtscp lm constant_tsc arch_perfmon pebs bts rep_good nopl xtopology nonstop_tsc aperfmperf eagerfpu pni pclmulqdq dtes64 monitor ds_cpl vmx est tm2 ssse3 cx16 xtpr pdcm pcid sse4_1 sse4_2 x2apic popcnt tsc_deadline_timer xsave avx lahf_lm arat epb pln pts dtherm tpr_shadow vnmi flexpriority ept vpid xsaveopt
bugs		:
bogomips	: 4190.67
clflush size	: 64
cache_alignment	: 64
address sizes	: 36 bits physical, 48 bits virtual
power management:

processor	: 1
vendor_id	: GenuineIntel
cpu family	: 6
model		: 42
model name	: Intel(R) Core(TM) i3-2310M CPU @ 2.10GHz
stepping	: 7
microcode	: 0x29
cpu MHz		: 907.511
cache size	: 3072 KB
physical id	: 0
siblings	: 4
core id		: 0
cpu cores	: 2
apicid		: 1
initial apicid	: 1
fpu		: yes
fpu_exception	: yes
cpuid level	: 13
wp		: yes
flags		: fpu vme de pse tsc msr pae mce cx8 apic sep mtrr pge mca cmov pat pse36 clflush dts acpi mmx fxsr sse sse2 ss ht tm pbe syscall nx rdtscp lm constant_tsc arch_perfmon pebs bts rep_good nopl xtopology nonstop_tsc aperfmperf eagerfpu pni pclmulqdq dtes64 monitor ds_cpl vmx est tm2 ssse3 cx16 xtpr pdcm pcid sse4_1 sse4_2 x2apic popcnt tsc_deadline_timer xsave avx lahf_lm arat epb pln pts dtherm tpr_shadow vnmi flexpriority ept vpid xsaveopt
bugs		:
bogomips	: 4190.67
clflush size	: 64
cache_alignment	: 64
address sizes	: 36 bits physical, 48 bits virtual
power management:

processor	: 2
vendor_id	: GenuineIntel
cpu family	: 6
model		: 42
model name	: Intel(R) Core(TM) i3-2310M CPU @ 2.10GHz
stepping	: 7
microcode	: 0x29
cpu MHz		: 905.214
cache size	: 3072 KB
physical id	: 0
siblings	: 4
core id		: 1
cpu cores	: 2
apicid		: 2
initial apicid	: 2
fpu		: yes
fpu_exception	: yes
cpuid level	: 13
wp		: yes
flags		: fpu vme de pse tsc msr pae mce cx8 apic sep mtrr pge mca cmov pat pse36 clflush dts acpi mmx fxsr sse sse2 ss ht tm pbe syscall nx rdtscp lm constant_tsc arch_perfmon pebs bts rep_good nopl xtopology nonstop_tsc aperfmperf eagerfpu pni pclmulqdq dtes64 monitor ds_cpl vmx est tm2 ssse3 cx16 xtpr pdcm pcid sse4_1 sse4_2 x2apic popcnt tsc_deadline_timer xsave avx lahf_lm arat epb pln pts dtherm tpr_shadow vnmi flexpriority ept vpid xsaveopt
bugs		:
bogomips	: 4190.67
clflush size	: 64
cache_alignment	: 64
address sizes	: 36 bits physical, 48 bits virtual
power management:

processor	: 3
vendor_id	: GenuineIntel
cpu family	: 6
model		: 42
model name	: Intel(R) Core(TM) i3-2310M CPU @ 2.10GHz
stepping	: 7
microcode	: 0x29
cpu MHz		: 906.773
cache size	: 3072 KB
physical id	: 0
siblings	: 4
core id		: 1
cpu cores	: 2
apicid		: 3
initial apicid	: 3
fpu		: yes
fpu_exception	: yes
cpuid level	: 13
wp		: yes
flags		: fpu vme de pse tsc msr pae mce cx8 apic sep mtrr pge mca cmov pat pse36 clflush dts acpi mmx fxsr sse sse2 ss ht tm pbe syscall nx rdtscp lm constant_tsc arch_perfmon pebs bts rep_good nopl xtopology nonstop_tsc aperfmperf eagerfpu pni pclmulqdq dtes64 monitor ds_cpl vmx est tm2 ssse3 cx16 xtpr pdcm pcid sse4_1 sse4_2 x2apic popcnt tsc_deadline_timer xsave avx lahf_lm arat epb pln pts dtherm tpr_shadow vnmi flexpriority ept vpid xsaveopt
bugs		:
bogomips	: 4190.67
clflush size	: 64
cache_alignment	: 64
address sizes	: 36 bits physical, 48 bits virtual
power management:



Memory: 4k page, physical 3897644k(106544k free), swap 0k(0k free)

vm_info: Java HotSpot(TM) 64-Bit Server VM (25.25-b02) for linux-amd64 JRE (1.8.0_25-b17), built on Sep 17 2014 17:32:11 by "java_re" with gcc 4.3.0 20080428 (Red Hat 4.3.0-8)

time: Sun Mar  1 00:33:26 2015
elapsed time: 13 seconds (0d 0h 0m 13s)

